New log file opened at Fri May 29 10:37:50 ICT 2015 by 14456@JAK-MELCEC-LT01
Taking next connection to: 61734
New client attempting to connect on port: 61735-61734
  Address = /192.168.80.169:61734
This client on port 61735 has uuid 690893ce-7956-42be-925a-1a32f326636a configName activator humanReadableName Activator protocolVersion 1 featureTags Vector()
Connected Clients: activator-690893ce-7956-42be-925a-1a32f326636a
Taking next connection to: 61734
Checking to see if clients are empty...
We have 1 non-daemon clients, continuing serving connections.
Taking next connection to: 61734
Checking to see if clients are empty...
We have 1 non-daemon clients, continuing serving connections.
Taking next connection to: 61734
Checking to see if clients are empty...
We have 1 non-daemon clients, continuing serving connections.
Taking next connection to: 61734
Checking to see if clients are empty...
We have 1 non-daemon clients, continuing serving connections.
Taking next connection to: 61734
Checking to see if clients are empty...
We have 1 non-daemon clients, continuing serving connections.
Taking next connection to: 61734
Checking to see if clients are empty...
We have 1 non-daemon clients, continuing serving connections.
Taking next connection to: 61734
New client attempting to connect on port: 64475-61734
  Address = /192.168.80.169:61734
Handshake exception on socket: 64475
sbt.impl.ipc.HandshakeException: Unable to perform handshake
	at sbt.impl.ipc.Peer.handshake(IPC.scala:46)
	at sbt.impl.ipc.MultiClientServer.<init>(IPC.scala:150)
	at sbt.server.SbtServerSocketHandler$$anon$1.run(SbtServerSocketHandler.scala:43)
Caused by: java.net.SocketException: Software caused connection abort: recv failed
	at java.net.SocketInputStream.socketRead0(Native Method)
	at java.net.SocketInputStream.socketRead(Unknown Source)
	at java.net.SocketInputStream.read(Unknown Source)
	at java.net.SocketInputStream.read(Unknown Source)
	at java.io.BufferedInputStream.fill(Unknown Source)
	at java.io.BufferedInputStream.read(Unknown Source)
	at java.io.DataInputStream.readInt(Unknown Source)
	at sbt.impl.ipc.Peer.receive(IPC.scala:95)
	at sbt.impl.ipc.Peer.handshake(IPC.scala:49)
	... 2 more
Taking next connection to: 61734
New client attempting to connect on port: 64476-61734
  Address = /192.168.80.169:61734
This client on port 64476 has uuid 00b7a05f-d185-40ce-998d-0c0078fcddc2 configName play-fork-run humanReadableName Play Fork Run protocolVersion 1 featureTags Vector()
Connected Clients: activator-690893ce-7956-42be-925a-1a32f326636a, play-fork-run-00b7a05f-d185-40ce-998d-0c0078fcddc2
Taking next connection to: 61734
Checking to see if clients are empty...
We have 1 non-daemon clients, continuing serving connections.
Taking next connection to: 61734
