2015-05-29 10:07:23,168 - [INFO] - from play in play-fork-run-akka.actor.default-dispatcher-10 
Listening for HTTP on /0:0:0:0:0:0:0:0:9000

2015-05-29 10:07:25,582 - [INFO] - from play in play-internal-execution-context-1 
database [default] connected at jdbc:h2:mem:play

2015-05-29 10:07:25,617 - [ERROR] - from application in New I/O worker #1 


! @6ma9n1nln - Internal server error, for (GET) [/] ->

play.api.db.evolutions.InvalidDatabaseRevision: Database 'default' needs evolution![An SQL script need to be run on your database.]
	at play.api.db.evolutions.EvolutionsPlugin$$anonfun$onStart$1$$anonfun$apply$1.apply$mcV$sp(Evolutions.scala:510) ~[play-jdbc_2.10-2.3.8.jar:2.3.8]
	at play.api.db.evolutions.EvolutionsPlugin.withLock(Evolutions.scala:531) ~[play-jdbc_2.10-2.3.8.jar:2.3.8]
	at play.api.db.evolutions.EvolutionsPlugin$$anonfun$onStart$1.apply(Evolutions.scala:485) ~[play-jdbc_2.10-2.3.8.jar:2.3.8]
	at play.api.db.evolutions.EvolutionsPlugin$$anonfun$onStart$1.apply(Evolutions.scala:483) ~[play-jdbc_2.10-2.3.8.jar:2.3.8]
	at scala.collection.immutable.List.foreach(List.scala:318) ~[scala-library.jar:na]
	at play.api.db.evolutions.EvolutionsPlugin.onStart(Evolutions.scala:483) ~[play-jdbc_2.10-2.3.8.jar:2.3.8]
	at play.api.Play$$anonfun$start$1$$anonfun$apply$mcV$sp$1.apply(Play.scala:91) ~[play_2.10-2.3.8.jar:2.3.8]
	at play.api.Play$$anonfun$start$1$$anonfun$apply$mcV$sp$1.apply(Play.scala:91) ~[play_2.10-2.3.8.jar:2.3.8]
	at scala.collection.immutable.List.foreach(List.scala:318) ~[scala-library.jar:na]
	at play.api.Play$$anonfun$start$1.apply$mcV$sp(Play.scala:91) ~[play_2.10-2.3.8.jar:2.3.8]
	at play.api.Play$$anonfun$start$1.apply(Play.scala:91) ~[play_2.10-2.3.8.jar:2.3.8]
	at play.api.Play$$anonfun$start$1.apply(Play.scala:91) ~[play_2.10-2.3.8.jar:2.3.8]
	at play.utils.Threads$.withContextClassLoader(Threads.scala:21) ~[play_2.10-2.3.8.jar:2.3.8]
	at play.api.Play$.start(Play.scala:90) ~[play_2.10-2.3.8.jar:2.3.8]
	at play.core.ReloadableApplication$$anonfun$get$1$$anonfun$apply$1$$anonfun$1.apply(ApplicationProvider.scala:157) ~[play_2.10-2.3.8.jar:2.3.8]
	at play.core.ReloadableApplication$$anonfun$get$1$$anonfun$apply$1$$anonfun$1.apply(ApplicationProvider.scala:130) ~[play_2.10-2.3.8.jar:2.3.8]
	at scala.Option.map(Option.scala:145) ~[scala-library.jar:na]
	at play.core.ReloadableApplication$$anonfun$get$1$$anonfun$apply$1.apply(ApplicationProvider.scala:130) ~[play_2.10-2.3.8.jar:2.3.8]
	at play.core.ReloadableApplication$$anonfun$get$1$$anonfun$apply$1.apply(ApplicationProvider.scala:128) ~[play_2.10-2.3.8.jar:2.3.8]
	at scala.util.Success.flatMap(Try.scala:200) ~[scala-library.jar:na]
	at play.core.ReloadableApplication$$anonfun$get$1.apply(ApplicationProvider.scala:128) ~[play_2.10-2.3.8.jar:2.3.8]
	at play.core.ReloadableApplication$$anonfun$get$1.apply(ApplicationProvider.scala:120) ~[play_2.10-2.3.8.jar:2.3.8]
	at scala.concurrent.impl.Future$PromiseCompletingRunnable.liftedTree1$1(Future.scala:24) ~[scala-library.jar:na]
	at scala.concurrent.impl.Future$PromiseCompletingRunnable.run(Future.scala:24) ~[scala-library.jar:na]
	at scala.concurrent.forkjoin.ForkJoinTask$AdaptedRunnableAction.exec(ForkJoinTask.java:1361) ~[scala-library.jar:na]
	at scala.concurrent.forkjoin.ForkJoinTask.doExec(ForkJoinTask.java:260) ~[scala-library.jar:na]
	at scala.concurrent.forkjoin.ForkJoinPool$WorkQueue.runTask(ForkJoinPool.java:1339) ~[scala-library.jar:na]
	at scala.concurrent.forkjoin.ForkJoinPool.runWorker(ForkJoinPool.java:1979) ~[scala-library.jar:na]
	at scala.concurrent.forkjoin.ForkJoinWorkerThread.run(ForkJoinWorkerThread.java:107) ~[scala-library.jar:na]

2015-05-29 10:07:27,860 - [INFO] - from play in play-internal-execution-context-1 
database [default] connected at jdbc:h2:mem:play

2015-05-29 10:07:27,867 - [INFO] - from play in play-internal-execution-context-1 
Application started (Dev)

